2026-06-02 23:19:34 [INFO    ] ════ Monitor Start | 2026-06-02 23:19 ════
2026-06-02 23:19:34 [INFO    ] ════ Monitor Done ════
2026-06-02 23:19:45 [INFO    ] ════ Monitor Start | 2026-06-02 23:19 ════
2026-06-02 23:19:45 [INFO    ] ════ Monitor Done ════
2026-06-02 23:24:38 [INFO    ] ════ Monitor Start | 2026-06-02 23:24 ════
2026-06-02 23:24:38 [INFO    ] ════ Monitor Done ════
2026-06-02 23:26:44 [INFO    ] ════ Monitor Start | 2026-06-02 23:26 ════
2026-06-02 23:26:44 [INFO    ] ════ Monitor Done ════
2026-06-02 23:36:02 [INFO    ] ════ Monitor Start | 2026-06-02 23:36 ════
2026-06-02 23:36:02 [INFO    ] ════ Monitor Done ════
2026-06-02 23:36:59 [INFO    ] ════ Monitor Start | 2026-06-02 23:36 ════
2026-06-02 23:36:59 [INFO    ] ════ Monitor Done ════
2026-06-02 23:37:42 [INFO    ] ════ Monitor Start | 2026-06-02 23:37 ════
2026-06-02 23:37:42 [INFO    ] [SERVICE] nginx: running ✓
2026-06-02 23:37:42 [ERROR   ] [SERVICE] ssh: DOWN ✗
2026-06-02 23:37:42 [INFO    ] [CPU] 25% OK
2026-06-02 23:37:43 [ERROR   ] [HTTP] http://localhost:8080/health → error: HTTPConnectionPool(host='localhost', port=8080): Max retries exceeded with url: /health (Caused by NewConnectionError('<urllib3.connection.HTTPConnection object at 0x75f52ff90560>: Failed to establish a new connection: [Errno 111] Connection refused'))
2026-06-02 23:37:43 [INFO    ] ════ Monitor Done ════
2026-06-02 23:38:32 [INFO    ] ════ Monitor Start | 2026-06-02 23:38 ════
2026-06-02 23:38:32 [INFO    ] [SERVICE] nginx: running ✓
2026-06-02 23:38:32 [ERROR   ] [SERVICE] ssh: DOWN ✗
2026-06-02 23:38:32 [INFO    ] [CPU] 23% OK
2026-06-02 23:38:32 [ERROR   ] [HTTP] http://localhost:8080/health → error: HTTPConnectionPool(host='localhost', port=8080): Max retries exceeded with url: /health (Caused by NewConnectionError('<urllib3.connection.HTTPConnection object at 0x7570d5e8c260>: Failed to establish a new connection: [Errno 111] Connection refused'))
2026-06-02 23:38:32 [INFO    ] ════ Monitor Done ════
2026-06-02 23:40:13 [INFO    ] ════ Monitor Start | 2026-06-02 23:40 ════
2026-06-02 23:40:13 [INFO    ] [SERVICE] nginx: running ✓
2026-06-02 23:40:13 [ERROR   ] [SERVICE] ssh: DOWN ✗
2026-06-02 23:40:13 [INFO    ] [CPU] 4% OK
2026-06-02 23:40:13 [ERROR   ] [HTTP] http://localhost:443/health → error: HTTPConnectionPool(host='localhost', port=443): Max retries exceeded with url: /health (Caused by NewConnectionError('<urllib3.connection.HTTPConnection object at 0x7fa44e990650>: Failed to establish a new connection: [Errno 111] Connection refused'))
2026-06-02 23:40:13 [INFO    ] ════ Monitor Done ════
2026-06-02 23:40:25 [INFO    ] ════ Monitor Start | 2026-06-02 23:40 ════
2026-06-02 23:40:25 [INFO    ] [SERVICE] nginx: running ✓
2026-06-02 23:40:25 [ERROR   ] [SERVICE] ssh: DOWN ✗
2026-06-02 23:40:25 [INFO    ] [CPU] 4% OK
2026-06-02 23:40:25 [ERROR   ] [HTTP] http://localhost:8000/health → error: HTTPConnectionPool(host='localhost', port=8000): Max retries exceeded with url: /health (Caused by NewConnectionError('<urllib3.connection.HTTPConnection object at 0x7d9db7694200>: Failed to establish a new connection: [Errno 111] Connection refused'))
2026-06-02 23:40:25 [INFO    ] ════ Monitor Done ════
2026-06-02 23:41:15 [INFO    ] ════ Monitor Start | 2026-06-02 23:41 ════
2026-06-02 23:41:15 [INFO    ] [SERVICE] nginx: running ✓
2026-06-02 23:41:15 [ERROR   ] [SERVICE] ssh: DOWN ✗
2026-06-02 23:41:16 [INFO    ] [CPU] 20% OK
2026-06-02 23:41:17 [ERROR   ] [HTTP] http://localhost:8069/health → 404
2026-06-02 23:41:17 [INFO    ] ════ Monitor Done ════
2026-06-02 23:42:17 [INFO    ] ════ Monitor Start | 2026-06-02 23:42 ════
2026-06-02 23:42:17 [INFO    ] [SERVICE] nginx: running ✓
2026-06-02 23:42:17 [ERROR   ] [SERVICE] ssh: DOWN ✗
2026-06-02 23:42:17 [INFO    ] [CPU] 2% OK
2026-06-02 23:42:17 [ERROR   ] [HTTP] http://localhost:8069/health → 404
2026-06-02 23:42:17 [INFO    ] ════ Monitor Done ════
